[ 2016-11-22T14:46:57+08:00 ] 127.0.0.1 /
INFO: [ app_init ] --START--
INFO: Run Behavior\BuildLiteBehavior [ RunTime:0.000014s ]
INFO: Run Common\Behavior\InitHookBehavior [ RunTime:0.002813s ]
INFO: [ app_init ] --END-- [ RunTime:0.003651s ]
INFO: [ app_begin ] --START--
INFO: Run Behavior\ReadHtmlCacheBehavior [ RunTime:0.000639s ]
INFO: [ app_begin ] --END-- [ RunTime:0.000674s ]
SQL: SELECT `value` FROM `wp_config` WHERE ( name="FOLLOW_YOUKE_UID" ) LIMIT 1   [ RunTime:0.0032s ]
SQL: UPDATE `wp_config` SET `value`='-13' WHERE ( name="FOLLOW_YOUKE_UID" ) [ RunTime:0.0092s ]
NOTIC: [8] Undefined index: uid /Volumes/FILE/codes/MY-WeiPHP/ThinkPHP/Library/Think/Controller.class.php 第 524 行.
SQL: SHOW COLUMNS FROM `wp_auth_group_access` [ RunTime:0.0018s ]
SQL: SELECT a.uid,a.group_id,g.title,g.rules FROM wp_auth_group_access a INNER JOIN wp_auth_group g on a.group_id=g.id  WHERE ( a.uid='-13' and g.status='1' )  [ RunTime:0.0038s ]
SQL: SELECT `id`,`token` FROM `wp_public`  [ RunTime:0.0006s ]
NOTIC: [8] Undefined offset: -1 /Volumes/FILE/codes/MY-WeiPHP/Application/Common/Model/PublicModel.class.php 第 38 行.
NOTIC: [8] Undefined index: addon_status /Volumes/FILE/codes/MY-WeiPHP/Application/Common/Model/AddonStatusModel.class.php 第 47 行.
NOTIC: [8] Undefined index: group_id /Volumes/FILE/codes/MY-WeiPHP/Application/Common/Model/AddonStatusModel.class.php 第 50 行.
NOTIC: [8] Undefined variable: addons /Volumes/FILE/codes/MY-WeiPHP/Application/Common/Common/function.php 第 501 行.
NOTIC: [8] Undefined variable: addons /Volumes/FILE/codes/MY-WeiPHP/Application/Common/Common/function.php 第 501 行.
NOTIC: [8] Undefined variable: addons /Volumes/FILE/codes/MY-WeiPHP/Application/Common/Common/function.php 第 501 行.
NOTIC: [8] Undefined variable: addons /Volumes/FILE/codes/MY-WeiPHP/Application/Common/Common/function.php 第 501 行.
NOTIC: [8] Undefined variable: addons /Volumes/FILE/codes/MY-WeiPHP/Application/Common/Common/function.php 第 501 行.
NOTIC: [8] Undefined variable: addons /Volumes/FILE/codes/MY-WeiPHP/Application/Common/Common/function.php 第 501 行.
NOTIC: [8] Undefined variable: addons /Volumes/FILE/codes/MY-WeiPHP/Application/Common/Common/function.php 第 501 行.
NOTIC: [8] Undefined variable: addons /Volumes/FILE/codes/MY-WeiPHP/Application/Common/Common/function.php 第 501 行.
NOTIC: [8] Undefined variable: addons /Volumes/FILE/codes/MY-WeiPHP/Application/Common/Common/function.php 第 501 行.
NOTIC: [8] Undefined variable: addons /Volumes/FILE/codes/MY-WeiPHP/Application/Common/Common/function.php 第 501 行.
NOTIC: [8] Undefined variable: addons /Volumes/FILE/codes/MY-WeiPHP/Application/Common/Common/function.php 第 501 行.
NOTIC: [8] Undefined variable: addons /Volumes/FILE/codes/MY-WeiPHP/Application/Common/Common/function.php 第 501 行.
NOTIC: [8] Undefined variable: addons /Volumes/FILE/codes/MY-WeiPHP/Application/Common/Common/function.php 第 501 行.
NOTIC: [8] Undefined variable: addons /Volumes/FILE/codes/MY-WeiPHP/Application/Common/Common/function.php 第 501 行.
NOTIC: [8] Undefined variable: addons /Volumes/FILE/codes/MY-WeiPHP/Application/Common/Common/function.php 第 501 行.
NOTIC: [8] Undefined variable: addons /Volumes/FILE/codes/MY-WeiPHP/Application/Common/Common/function.php 第 501 行.
NOTIC: [8] Undefined variable: addons /Volumes/FILE/codes/MY-WeiPHP/Application/Common/Common/function.php 第 501 行.
NOTIC: [8] Undefined variable: addons /Volumes/FILE/codes/MY-WeiPHP/Application/Common/Common/function.php 第 501 行.
NOTIC: [8] Undefined variable: addons /Volumes/FILE/codes/MY-WeiPHP/Application/Common/Common/function.php 第 501 行.
NOTIC: [8] Undefined variable: addons /Volumes/FILE/codes/MY-WeiPHP/Application/Common/Common/function.php 第 501 行.
NOTIC: [8] Undefined variable: addons /Volumes/FILE/codes/MY-WeiPHP/Application/Common/Common/function.php 第 501 行.
NOTIC: [8] Undefined variable: addons /Volumes/FILE/codes/MY-WeiPHP/Application/Common/Common/function.php 第 501 行.
NOTIC: [8] Undefined variable: addons /Volumes/FILE/codes/MY-WeiPHP/Application/Common/Common/function.php 第 501 行.
NOTIC: [8] Undefined variable: addons /Volumes/FILE/codes/MY-WeiPHP/Application/Common/Common/function.php 第 501 行.
NOTIC: [8] Undefined variable: addons /Volumes/FILE/codes/MY-WeiPHP/Application/Common/Common/function.php 第 501 行.
NOTIC: [8] Undefined variable: addons /Volumes/FILE/codes/MY-WeiPHP/Application/Common/Common/function.php 第 501 行.
NOTIC: [8] Undefined variable: addons /Volumes/FILE/codes/MY-WeiPHP/Application/Common/Common/function.php 第 501 行.
NOTIC: [8] Undefined variable: addons /Volumes/FILE/codes/MY-WeiPHP/Application/Common/Common/function.php 第 501 行.
NOTIC: [8] Undefined variable: addons /Volumes/FILE/codes/MY-WeiPHP/Application/Common/Common/function.php 第 501 行.
NOTIC: [8] Undefined variable: addons /Volumes/FILE/codes/MY-WeiPHP/Application/Common/Common/function.php 第 501 行.
NOTIC: [8] Undefined variable: addons /Volumes/FILE/codes/MY-WeiPHP/Application/Common/Common/function.php 第 501 行.
NOTIC: [8] Undefined variable: addons /Volumes/FILE/codes/MY-WeiPHP/Application/Common/Common/function.php 第 501 行.
NOTIC: [8] Undefined variable: addons /Volumes/FILE/codes/MY-WeiPHP/Application/Common/Common/function.php 第 501 行.
NOTIC: [8] Undefined variable: addons /Volumes/FILE/codes/MY-WeiPHP/Application/Common/Common/function.php 第 501 行.
NOTIC: [8] Undefined variable: addons /Volumes/FILE/codes/MY-WeiPHP/Application/Common/Common/function.php 第 501 行.
NOTIC: [8] Undefined variable: addons /Volumes/FILE/codes/MY-WeiPHP/Application/Common/Common/function.php 第 501 行.
NOTIC: [8] Undefined variable: addons /Volumes/FILE/codes/MY-WeiPHP/Application/Common/Common/function.php 第 501 行.
SQL: SELECT * FROM `wp_manager_menu` WHERE `uid` = 0 AND `is_hide` = 0 ORDER BY sort asc, id asc  [ RunTime:0.0009s ]
SQL: SELECT * FROM `wp_manager_menu` WHERE `uid` = 1 AND `is_hide` = 0 ORDER BY sort asc, id asc  [ RunTime:0.0009s ]
NOTIC: [8] Undefined variable: addons /Volumes/FILE/codes/MY-WeiPHP/Application/Common/Common/function.php 第 501 行.
NOTIC: [8] Undefined variable: addons /Volumes/FILE/codes/MY-WeiPHP/Application/Common/Common/function.php 第 501 行.
NOTIC: [8] Undefined variable: addons /Volumes/FILE/codes/MY-WeiPHP/Application/Common/Common/function.php 第 501 行.
NOTIC: [8] Undefined variable: addons /Volumes/FILE/codes/MY-WeiPHP/Application/Common/Common/function.php 第 501 行.
NOTIC: [8] Undefined variable: addons /Volumes/FILE/codes/MY-WeiPHP/Application/Common/Common/function.php 第 501 行.
NOTIC: [8] Undefined variable: addons /Volumes/FILE/codes/MY-WeiPHP/Application/Common/Common/function.php 第 501 行.
NOTIC: [8] Undefined variable: addons /Volumes/FILE/codes/MY-WeiPHP/Application/Common/Common/function.php 第 501 行.
NOTIC: [8] Undefined variable: addons /Volumes/FILE/codes/MY-WeiPHP/Application/Common/Common/function.php 第 501 行.
NOTIC: [8] Undefined variable: addons /Volumes/FILE/codes/MY-WeiPHP/Application/Common/Common/function.php 第 501 行.
NOTIC: [8] Undefined offset: 14 /Volumes/FILE/codes/MY-WeiPHP/Application/Common/Model/ManagerMenuModel.class.php 第 106 行.
NOTIC: [8] Undefined offset: 14 /Volumes/FILE/codes/MY-WeiPHP/Application/Common/Model/ManagerMenuModel.class.php 第 116 行.
NOTIC: [8] Undefined offset: 60 /Volumes/FILE/codes/MY-WeiPHP/Application/Common/Model/ManagerMenuModel.class.php 第 106 行.
NOTIC: [8] Undefined offset: 60 /Volumes/FILE/codes/MY-WeiPHP/Application/Common/Model/ManagerMenuModel.class.php 第 116 行.
NOTIC: [8] Undefined index: HTTP_REFERER /Volumes/FILE/codes/MY-WeiPHP/Application/Common/Model/ManagerMenuModel.class.php 第 139 行.
NOTIC: [8] Undefined index: side /Volumes/FILE/codes/MY-WeiPHP/Application/Common/Model/ManagerMenuModel.class.php 第 179 行.
NOTIC: [8] Undefined index: side /Volumes/FILE/codes/MY-WeiPHP/Application/Common/Model/ManagerMenuModel.class.php 第 179 行.
NOTIC: [8] Undefined index: side /Volumes/FILE/codes/MY-WeiPHP/Application/Common/Model/ManagerMenuModel.class.php 第 179 行.
NOTIC: [8] Undefined index: side /Volumes/FILE/codes/MY-WeiPHP/Application/Common/Model/ManagerMenuModel.class.php 第 179 行.
NOTIC: [8] Undefined index: side /Volumes/FILE/codes/MY-WeiPHP/Application/Common/Model/ManagerMenuModel.class.php 第 179 行.
NOTIC: [8] Undefined index: side /Volumes/FILE/codes/MY-WeiPHP/Application/Common/Model/ManagerMenuModel.class.php 第 179 行.
NOTIC: [8] Undefined index: side /Volumes/FILE/codes/MY-WeiPHP/Application/Common/Model/ManagerMenuModel.class.php 第 179 行.
NOTIC: [8] Undefined index: side /Volumes/FILE/codes/MY-WeiPHP/Application/Common/Model/ManagerMenuModel.class.php 第 179 行.
NOTIC: [8] Undefined index: side /Volumes/FILE/codes/MY-WeiPHP/Application/Common/Model/ManagerMenuModel.class.php 第 179 行.
NOTIC: [8] Undefined index: side /Volumes/FILE/codes/MY-WeiPHP/Application/Common/Model/ManagerMenuModel.class.php 第 179 行.
NOTIC: [8] Undefined index: side /Volumes/FILE/codes/MY-WeiPHP/Application/Common/Model/ManagerMenuModel.class.php 第 179 行.
NOTIC: [8] Undefined index: side /Volumes/FILE/codes/MY-WeiPHP/Application/Common/Model/ManagerMenuModel.class.php 第 179 行.
NOTIC: [8] Undefined index: side /Volumes/FILE/codes/MY-WeiPHP/Application/Common/Model/ManagerMenuModel.class.php 第 179 行.
NOTIC: [8] Undefined index: side /Volumes/FILE/codes/MY-WeiPHP/Application/Common/Model/ManagerMenuModel.class.php 第 179 行.
NOTIC: [8] Undefined index: side /Volumes/FILE/codes/MY-WeiPHP/Application/Common/Model/ManagerMenuModel.class.php 第 179 行.
NOTIC: [8] Undefined index: side /Volumes/FILE/codes/MY-WeiPHP/Application/Common/Model/ManagerMenuModel.class.php 第 179 行.
NOTIC: [8] Undefined index: side /Volumes/FILE/codes/MY-WeiPHP/Application/Common/Model/ManagerMenuModel.class.php 第 179 行.
NOTIC: [8] Undefined index: side /Volumes/FILE/codes/MY-WeiPHP/Application/Common/Model/ManagerMenuModel.class.php 第 179 行.
NOTIC: [8] Undefined index: side /Volumes/FILE/codes/MY-WeiPHP/Application/Common/Model/ManagerMenuModel.class.php 第 179 行.
NOTIC: [8] Undefined index: side /Volumes/FILE/codes/MY-WeiPHP/Application/Common/Model/ManagerMenuModel.class.php 第 179 行.
NOTIC: [8] Undefined index: side /Volumes/FILE/codes/MY-WeiPHP/Application/Common/Model/ManagerMenuModel.class.php 第 179 行.
NOTIC: [8] Undefined index: side /Volumes/FILE/codes/MY-WeiPHP/Application/Common/Model/ManagerMenuModel.class.php 第 179 行.
NOTIC: [8] Undefined index: side /Volumes/FILE/codes/MY-WeiPHP/Application/Common/Model/ManagerMenuModel.class.php 第 179 行.
NOTIC: [8] Undefined index: side /Volumes/FILE/codes/MY-WeiPHP/Application/Common/Model/ManagerMenuModel.class.php 第 179 行.
NOTIC: [8] Undefined index: side /Volumes/FILE/codes/MY-WeiPHP/Application/Common/Model/ManagerMenuModel.class.php 第 179 行.
NOTIC: [8] Undefined index: side /Volumes/FILE/codes/MY-WeiPHP/Application/Common/Model/ManagerMenuModel.class.php 第 179 行.
NOTIC: [8] Undefined index: side /Volumes/FILE/codes/MY-WeiPHP/Application/Common/Model/ManagerMenuModel.class.php 第 179 行.
NOTIC: [8] Undefined index: side /Volumes/FILE/codes/MY-WeiPHP/Application/Common/Model/ManagerMenuModel.class.php 第 179 行.
NOTIC: [8] Undefined index: side /Volumes/FILE/codes/MY-WeiPHP/Application/Common/Model/ManagerMenuModel.class.php 第 179 行.
NOTIC: [8] Undefined index: side /Volumes/FILE/codes/MY-WeiPHP/Application/Common/Model/ManagerMenuModel.class.php 第 179 行.
NOTIC: [8] Undefined index: side /Volumes/FILE/codes/MY-WeiPHP/Application/Common/Model/ManagerMenuModel.class.php 第 179 行.
NOTIC: [8] Undefined index: side /Volumes/FILE/codes/MY-WeiPHP/Application/Common/Model/ManagerMenuModel.class.php 第 179 行.
NOTIC: [8] Undefined index: side /Volumes/FILE/codes/MY-WeiPHP/Application/Common/Model/ManagerMenuModel.class.php 第 179 行.
NOTIC: [8] Undefined index: side /Volumes/FILE/codes/MY-WeiPHP/Application/Common/Model/ManagerMenuModel.class.php 第 179 行.
NOTIC: [8] Undefined index: side /Volumes/FILE/codes/MY-WeiPHP/Application/Common/Model/ManagerMenuModel.class.php 第 179 行.
NOTIC: [8] Undefined index: side /Volumes/FILE/codes/MY-WeiPHP/Application/Common/Model/ManagerMenuModel.class.php 第 179 行.
NOTIC: [8] Undefined index: side /Volumes/FILE/codes/MY-WeiPHP/Application/Common/Model/ManagerMenuModel.class.php 第 179 行.
NOTIC: [8] Undefined index: side /Volumes/FILE/codes/MY-WeiPHP/Application/Common/Model/ManagerMenuModel.class.php 第 179 行.
NOTIC: [8] Undefined index: side /Volumes/FILE/codes/MY-WeiPHP/Application/Common/Model/ManagerMenuModel.class.php 第 179 行.
NOTIC: [8] Undefined index: side /Volumes/FILE/codes/MY-WeiPHP/Application/Common/Model/ManagerMenuModel.class.php 第 179 行.
NOTIC: [8] Undefined index: side /Volumes/FILE/codes/MY-WeiPHP/Application/Common/Model/ManagerMenuModel.class.php 第 179 行.
NOTIC: [8] Undefined offset: 14 /Volumes/FILE/codes/MY-WeiPHP/Application/Common/Model/ManagerMenuModel.class.php 第 185 行.
SQL: SELECT * FROM `wp_public_link` WHERE `uid` = 0  [ RunTime:0.0010s ]
NOTIC: [2] Invalid argument supplied for foreach() /Volumes/FILE/codes/MY-WeiPHP/Application/Common/Model/PublicModel.class.php 第 48 行.
NOTIC: [8] Undefined variable: res /Volumes/FILE/codes/MY-WeiPHP/Application/Common/Model/PublicModel.class.php 第 52 行.

[ 2016-11-22T14:46:57+08:00 ] 127.0.0.1 /index.php?s=/Home/User/login/from/1.html
INFO: [ app_init ] --START--
INFO: Run Behavior\BuildLiteBehavior [ RunTime:0.000011s ]
INFO: Run Common\Behavior\InitHookBehavior [ RunTime:0.001705s ]
INFO: [ app_init ] --END-- [ RunTime:0.002097s ]
INFO: [ app_begin ] --START--
INFO: Run Behavior\ReadHtmlCacheBehavior [ RunTime:0.000304s ]
INFO: [ app_begin ] --END-- [ RunTime:0.000335s ]
NOTIC: [8] Undefined index: uid /Volumes/FILE/codes/MY-WeiPHP/ThinkPHP/Library/Think/Controller.class.php 第 524 行.
SQL: SHOW COLUMNS FROM `wp_auth_group_access` [ RunTime:0.0014s ]
SQL: SELECT a.uid,a.group_id,g.title,g.rules FROM wp_auth_group_access a INNER JOIN wp_auth_group g on a.group_id=g.id  WHERE ( a.uid='-13' and g.status='1' )  [ RunTime:0.0003s ]
SQL: SELECT `id`,`token` FROM `wp_public`  [ RunTime:0.0003s ]
NOTIC: [8] Undefined offset: -1 /Volumes/FILE/codes/MY-WeiPHP/Application/Common/Model/PublicModel.class.php 第 38 行.
NOTIC: [8] Undefined index: addon_status /Volumes/FILE/codes/MY-WeiPHP/Application/Common/Model/AddonStatusModel.class.php 第 47 行.
NOTIC: [8] Undefined index: group_id /Volumes/FILE/codes/MY-WeiPHP/Application/Common/Model/AddonStatusModel.class.php 第 50 行.
NOTIC: [8] Undefined variable: addons /Volumes/FILE/codes/MY-WeiPHP/Application/Common/Common/function.php 第 501 行.
NOTIC: [8] Undefined variable: addons /Volumes/FILE/codes/MY-WeiPHP/Application/Common/Common/function.php 第 501 行.
NOTIC: [8] Undefined variable: addons /Volumes/FILE/codes/MY-WeiPHP/Application/Common/Common/function.php 第 501 行.
NOTIC: [8] Undefined variable: addons /Volumes/FILE/codes/MY-WeiPHP/Application/Common/Common/function.php 第 501 行.
NOTIC: [8] Undefined variable: addons /Volumes/FILE/codes/MY-WeiPHP/Application/Common/Common/function.php 第 501 行.
NOTIC: [8] Undefined variable: addons /Volumes/FILE/codes/MY-WeiPHP/Application/Common/Common/function.php 第 501 行.
NOTIC: [8] Undefined variable: addons /Volumes/FILE/codes/MY-WeiPHP/Application/Common/Common/function.php 第 501 行.
NOTIC: [8] Undefined variable: addons /Volumes/FILE/codes/MY-WeiPHP/Application/Common/Common/function.php 第 501 行.
NOTIC: [8] Undefined variable: addons /Volumes/FILE/codes/MY-WeiPHP/Application/Common/Common/function.php 第 501 行.
NOTIC: [8] Undefined variable: addons /Volumes/FILE/codes/MY-WeiPHP/Application/Common/Common/function.php 第 501 行.
NOTIC: [8] Undefined variable: addons /Volumes/FILE/codes/MY-WeiPHP/Application/Common/Common/function.php 第 501 行.
NOTIC: [8] Undefined variable: addons /Volumes/FILE/codes/MY-WeiPHP/Application/Common/Common/function.php 第 501 行.
NOTIC: [8] Undefined variable: addons /Volumes/FILE/codes/MY-WeiPHP/Application/Common/Common/function.php 第 501 行.
NOTIC: [8] Undefined variable: addons /Volumes/FILE/codes/MY-WeiPHP/Application/Common/Common/function.php 第 501 行.
NOTIC: [8] Undefined variable: addons /Volumes/FILE/codes/MY-WeiPHP/Application/Common/Common/function.php 第 501 行.
NOTIC: [8] Undefined variable: addons /Volumes/FILE/codes/MY-WeiPHP/Application/Common/Common/function.php 第 501 行.
NOTIC: [8] Undefined variable: addons /Volumes/FILE/codes/MY-WeiPHP/Application/Common/Common/function.php 第 501 行.
NOTIC: [8] Undefined variable: addons /Volumes/FILE/codes/MY-WeiPHP/Application/Common/Common/function.php 第 501 行.
NOTIC: [8] Undefined variable: addons /Volumes/FILE/codes/MY-WeiPHP/Application/Common/Common/function.php 第 501 行.
NOTIC: [8] Undefined variable: addons /Volumes/FILE/codes/MY-WeiPHP/Application/Common/Common/function.php 第 501 行.
NOTIC: [8] Undefined variable: addons /Volumes/FILE/codes/MY-WeiPHP/Application/Common/Common/function.php 第 501 行.
NOTIC: [8] Undefined variable: addons /Volumes/FILE/codes/MY-WeiPHP/Application/Common/Common/function.php 第 501 行.
NOTIC: [8] Undefined variable: addons /Volumes/FILE/codes/MY-WeiPHP/Application/Common/Common/function.php 第 501 行.
NOTIC: [8] Undefined variable: addons /Volumes/FILE/codes/MY-WeiPHP/Application/Common/Common/function.php 第 501 行.
NOTIC: [8] Undefined variable: addons /Volumes/FILE/codes/MY-WeiPHP/Application/Common/Common/function.php 第 501 行.
NOTIC: [8] Undefined variable: addons /Volumes/FILE/codes/MY-WeiPHP/Application/Common/Common/function.php 第 501 行.
NOTIC: [8] Undefined variable: addons /Volumes/FILE/codes/MY-WeiPHP/Application/Common/Common/function.php 第 501 行.
NOTIC: [8] Undefined variable: addons /Volumes/FILE/codes/MY-WeiPHP/Application/Common/Common/function.php 第 501 行.
NOTIC: [8] Undefined variable: addons /Volumes/FILE/codes/MY-WeiPHP/Application/Common/Common/function.php 第 501 行.
NOTIC: [8] Undefined variable: addons /Volumes/FILE/codes/MY-WeiPHP/Application/Common/Common/function.php 第 501 行.
NOTIC: [8] Undefined variable: addons /Volumes/FILE/codes/MY-WeiPHP/Application/Common/Common/function.php 第 501 行.
NOTIC: [8] Undefined variable: addons /Volumes/FILE/codes/MY-WeiPHP/Application/Common/Common/function.php 第 501 行.
NOTIC: [8] Undefined variable: addons /Volumes/FILE/codes/MY-WeiPHP/Application/Common/Common/function.php 第 501 行.
NOTIC: [8] Undefined variable: addons /Volumes/FILE/codes/MY-WeiPHP/Application/Common/Common/function.php 第 501 行.
NOTIC: [8] Undefined variable: addons /Volumes/FILE/codes/MY-WeiPHP/Application/Common/Common/function.php 第 501 行.
NOTIC: [8] Undefined variable: addons /Volumes/FILE/codes/MY-WeiPHP/Application/Common/Common/function.php 第 501 行.
NOTIC: [8] Undefined variable: addons /Volumes/FILE/codes/MY-WeiPHP/Application/Common/Common/function.php 第 501 行.
SQL: SELECT * FROM `wp_manager_menu` WHERE `uid` = -13 AND `is_hide` = 0 ORDER BY sort asc, id asc  [ RunTime:0.0022s ]
SQL: SELECT * FROM `wp_manager_menu` WHERE `uid` = 1 AND `is_hide` = 0 ORDER BY sort asc, id asc  [ RunTime:0.0008s ]
NOTIC: [8] Undefined variable: addons /Volumes/FILE/codes/MY-WeiPHP/Application/Common/Common/function.php 第 501 行.
NOTIC: [8] Undefined variable: addons /Volumes/FILE/codes/MY-WeiPHP/Application/Common/Common/function.php 第 501 行.
NOTIC: [8] Undefined variable: addons /Volumes/FILE/codes/MY-WeiPHP/Application/Common/Common/function.php 第 501 行.
NOTIC: [8] Undefined variable: addons /Volumes/FILE/codes/MY-WeiPHP/Application/Common/Common/function.php 第 501 行.
NOTIC: [8] Undefined variable: addons /Volumes/FILE/codes/MY-WeiPHP/Application/Common/Common/function.php 第 501 行.
NOTIC: [8] Undefined variable: addons /Volumes/FILE/codes/MY-WeiPHP/Application/Common/Common/function.php 第 501 行.
NOTIC: [8] Undefined variable: addons /Volumes/FILE/codes/MY-WeiPHP/Application/Common/Common/function.php 第 501 行.
NOTIC: [8] Undefined variable: addons /Volumes/FILE/codes/MY-WeiPHP/Application/Common/Common/function.php 第 501 行.
NOTIC: [8] Undefined variable: addons /Volumes/FILE/codes/MY-WeiPHP/Application/Common/Common/function.php 第 501 行.
NOTIC: [8] Undefined offset: 14 /Volumes/FILE/codes/MY-WeiPHP/Application/Common/Model/ManagerMenuModel.class.php 第 106 行.
NOTIC: [8] Undefined offset: 14 /Volumes/FILE/codes/MY-WeiPHP/Application/Common/Model/ManagerMenuModel.class.php 第 116 行.
NOTIC: [8] Undefined offset: 60 /Volumes/FILE/codes/MY-WeiPHP/Application/Common/Model/ManagerMenuModel.class.php 第 106 行.
NOTIC: [8] Undefined offset: 60 /Volumes/FILE/codes/MY-WeiPHP/Application/Common/Model/ManagerMenuModel.class.php 第 116 行.
NOTIC: [8] Undefined index: HTTP_REFERER /Volumes/FILE/codes/MY-WeiPHP/Application/Common/Model/ManagerMenuModel.class.php 第 139 行.
NOTIC: [8] Undefined index: side /Volumes/FILE/codes/MY-WeiPHP/Application/Common/Model/ManagerMenuModel.class.php 第 179 行.
NOTIC: [8] Undefined index: side /Volumes/FILE/codes/MY-WeiPHP/Application/Common/Model/ManagerMenuModel.class.php 第 179 行.
NOTIC: [8] Undefined index: side /Volumes/FILE/codes/MY-WeiPHP/Application/Common/Model/ManagerMenuModel.class.php 第 179 行.
NOTIC: [8] Undefined index: side /Volumes/FILE/codes/MY-WeiPHP/Application/Common/Model/ManagerMenuModel.class.php 第 179 行.
NOTIC: [8] Undefined index: side /Volumes/FILE/codes/MY-WeiPHP/Application/Common/Model/ManagerMenuModel.class.php 第 179 行.
NOTIC: [8] Undefined index: side /Volumes/FILE/codes/MY-WeiPHP/Application/Common/Model/ManagerMenuModel.class.php 第 179 行.
NOTIC: [8] Undefined index: side /Volumes/FILE/codes/MY-WeiPHP/Application/Common/Model/ManagerMenuModel.class.php 第 179 行.
NOTIC: [8] Undefined index: side /Volumes/FILE/codes/MY-WeiPHP/Application/Common/Model/ManagerMenuModel.class.php 第 179 行.
NOTIC: [8] Undefined index: side /Volumes/FILE/codes/MY-WeiPHP/Application/Common/Model/ManagerMenuModel.class.php 第 179 行.
NOTIC: [8] Undefined index: side /Volumes/FILE/codes/MY-WeiPHP/Application/Common/Model/ManagerMenuModel.class.php 第 179 行.
NOTIC: [8] Undefined index: side /Volumes/FILE/codes/MY-WeiPHP/Application/Common/Model/ManagerMenuModel.class.php 第 179 行.
NOTIC: [8] Undefined index: side /Volumes/FILE/codes/MY-WeiPHP/Application/Common/Model/ManagerMenuModel.class.php 第 179 行.
NOTIC: [8] Undefined index: side /Volumes/FILE/codes/MY-WeiPHP/Application/Common/Model/ManagerMenuModel.class.php 第 179 行.
NOTIC: [8] Undefined index: side /Volumes/FILE/codes/MY-WeiPHP/Application/Common/Model/ManagerMenuModel.class.php 第 179 行.
NOTIC: [8] Undefined index: side /Volumes/FILE/codes/MY-WeiPHP/Application/Common/Model/ManagerMenuModel.class.php 第 179 行.
NOTIC: [8] Undefined index: side /Volumes/FILE/codes/MY-WeiPHP/Application/Common/Model/ManagerMenuModel.class.php 第 179 行.
NOTIC: [8] Undefined index: side /Volumes/FILE/codes/MY-WeiPHP/Application/Common/Model/ManagerMenuModel.class.php 第 179 行.
NOTIC: [8] Undefined index: side /Volumes/FILE/codes/MY-WeiPHP/Application/Common/Model/ManagerMenuModel.class.php 第 179 行.
NOTIC: [8] Undefined index: side /Volumes/FILE/codes/MY-WeiPHP/Application/Common/Model/ManagerMenuModel.class.php 第 179 行.
NOTIC: [8] Undefined index: side /Volumes/FILE/codes/MY-WeiPHP/Application/Common/Model/ManagerMenuModel.class.php 第 179 行.
NOTIC: [8] Undefined index: side /Volumes/FILE/codes/MY-WeiPHP/Application/Common/Model/ManagerMenuModel.class.php 第 179 行.
NOTIC: [8] Undefined index: side /Volumes/FILE/codes/MY-WeiPHP/Application/Common/Model/ManagerMenuModel.class.php 第 179 行.
NOTIC: [8] Undefined index: side /Volumes/FILE/codes/MY-WeiPHP/Application/Common/Model/ManagerMenuModel.class.php 第 179 行.
NOTIC: [8] Undefined index: side /Volumes/FILE/codes/MY-WeiPHP/Application/Common/Model/ManagerMenuModel.class.php 第 179 行.
NOTIC: [8] Undefined index: side /Volumes/FILE/codes/MY-WeiPHP/Application/Common/Model/ManagerMenuModel.class.php 第 179 行.
NOTIC: [8] Undefined index: side /Volumes/FILE/codes/MY-WeiPHP/Application/Common/Model/ManagerMenuModel.class.php 第 179 行.
NOTIC: [8] Undefined index: side /Volumes/FILE/codes/MY-WeiPHP/Application/Common/Model/ManagerMenuModel.class.php 第 179 行.
NOTIC: [8] Undefined index: side /Volumes/FILE/codes/MY-WeiPHP/Application/Common/Model/ManagerMenuModel.class.php 第 179 行.
NOTIC: [8] Undefined index: side /Volumes/FILE/codes/MY-WeiPHP/Application/Common/Model/ManagerMenuModel.class.php 第 179 行.
NOTIC: [8] Undefined index: side /Volumes/FILE/codes/MY-WeiPHP/Application/Common/Model/ManagerMenuModel.class.php 第 179 行.
NOTIC: [8] Undefined index: side /Volumes/FILE/codes/MY-WeiPHP/Application/Common/Model/ManagerMenuModel.class.php 第 179 行.
NOTIC: [8] Undefined index: side /Volumes/FILE/codes/MY-WeiPHP/Application/Common/Model/ManagerMenuModel.class.php 第 179 行.
NOTIC: [8] Undefined index: side /Volumes/FILE/codes/MY-WeiPHP/Application/Common/Model/ManagerMenuModel.class.php 第 179 行.
NOTIC: [8] Undefined index: side /Volumes/FILE/codes/MY-WeiPHP/Application/Common/Model/ManagerMenuModel.class.php 第 179 行.
NOTIC: [8] Undefined index: side /Volumes/FILE/codes/MY-WeiPHP/Application/Common/Model/ManagerMenuModel.class.php 第 179 行.
NOTIC: [8] Undefined index: side /Volumes/FILE/codes/MY-WeiPHP/Application/Common/Model/ManagerMenuModel.class.php 第 179 行.
NOTIC: [8] Undefined index: side /Volumes/FILE/codes/MY-WeiPHP/Application/Common/Model/ManagerMenuModel.class.php 第 179 行.
NOTIC: [8] Undefined index: side /Volumes/FILE/codes/MY-WeiPHP/Application/Common/Model/ManagerMenuModel.class.php 第 179 行.
NOTIC: [8] Undefined index: side /Volumes/FILE/codes/MY-WeiPHP/Application/Common/Model/ManagerMenuModel.class.php 第 179 行.
NOTIC: [8] Undefined index: side /Volumes/FILE/codes/MY-WeiPHP/Application/Common/Model/ManagerMenuModel.class.php 第 179 行.
NOTIC: [8] Undefined index: side /Volumes/FILE/codes/MY-WeiPHP/Application/Common/Model/ManagerMenuModel.class.php 第 179 行.
NOTIC: [8] Undefined offset: 14 /Volumes/FILE/codes/MY-WeiPHP/Application/Common/Model/ManagerMenuModel.class.php 第 185 行.
SQL: SELECT * FROM `wp_public_link` WHERE `uid` = -13  [ RunTime:0.0003s ]
NOTIC: [2] Invalid argument supplied for foreach() /Volumes/FILE/codes/MY-WeiPHP/Application/Common/Model/PublicModel.class.php 第 48 行.
NOTIC: [8] Undefined variable: res /Volumes/FILE/codes/MY-WeiPHP/Application/Common/Model/PublicModel.class.php 第 52 行.
SQL: SELECT `id`,`qr_code`,`addon`,`aim_id`,`cTime`,`token`,`action_name`,`extra_text`,`extra_int`,`request_count`,`scene_id`,`expire_seconds` FROM `wp_qr_code` WHERE `addon` = 'ScanLogin' AND `extra_text` = '5833e9e1541cd' LIMIT 1   [ RunTime:0.0010s ]
SQL: SELECT `id`,`token` FROM `wp_public`  [ RunTime:0.0004s ]
NOTIC: [8] Undefined offset: -1 /Volumes/FILE/codes/MY-WeiPHP/Application/Common/Model/PublicModel.class.php 第 38 行.
NOTIC: [8] Undefined index: appid /Volumes/FILE/codes/MY-WeiPHP/Application/Home/Model/QrCodeModel.class.php 第 28 行.
NOTIC: [8] Undefined index: secret /Volumes/FILE/codes/MY-WeiPHP/Application/Home/Model/QrCodeModel.class.php 第 29 行.
SQL: SELECT `id`,`token` FROM `wp_public`  [ RunTime:0.0004s ]
NOTIC: [8] Undefined offset: -1 /Volumes/FILE/codes/MY-WeiPHP/Application/Common/Model/PublicModel.class.php 第 38 行.
NOTIC: [8] Undefined index: is_bind /Volumes/FILE/codes/MY-WeiPHP/Application/Common/Common/function.php 第 1566 行.
NOTIC: [8] Undefined index: appid /Volumes/FILE/codes/MY-WeiPHP/Application/Common/Common/function.php 第 1569 行.
NOTIC: [8] Undefined index: secret /Volumes/FILE/codes/MY-WeiPHP/Application/Common/Common/function.php 第 1569 行.
SQL: SELECT `id`,`token` FROM `wp_public`  [ RunTime:0.0003s ]
NOTIC: [8] Undefined offset: -1 /Volumes/FILE/codes/MY-WeiPHP/Application/Common/Model/PublicModel.class.php 第 38 行.
NOTIC: [8] Undefined index: is_bind /Volumes/FILE/codes/MY-WeiPHP/Application/Common/Common/function.php 第 1566 行.
NOTIC: [8] Undefined index: appid /Volumes/FILE/codes/MY-WeiPHP/Application/Common/Common/function.php 第 1569 行.
NOTIC: [8] Undefined index: secret /Volumes/FILE/codes/MY-WeiPHP/Application/Common/Common/function.php 第 1569 行.
INFO: [ view_parse ] --START--
INFO: [ template_filter ] --START--
INFO: Run Behavior\ContentReplaceBehavior [ RunTime:0.000086s ]
INFO: [ template_filter ] --END-- [ RunTime:0.000141s ]
INFO: Run Behavior\ParseTemplateBehavior [ RunTime:0.016325s ]
INFO: [ view_parse ] --END-- [ RunTime:0.016376s ]
INFO: [ view_filter ] --START--
INFO: Run Behavior\WriteHtmlCacheBehavior [ RunTime:0.000500s ]
INFO: [ view_filter ] --END-- [ RunTime:0.000542s ]
INFO: [ app_end ] --START--
INFO: Run Behavior\ShowPageTraceBehavior [ RunTime:0.000973s ]
INFO: [ app_end ] --END-- [ RunTime:0.001025s ]

[ 2016-11-22T14:47:07+08:00 ] 127.0.0.1 /index.php?s=/Home/User/login/from/1.html
INFO: [ app_init ] --START--
INFO: Run Behavior\BuildLiteBehavior [ RunTime:0.000008s ]
INFO: Run Common\Behavior\InitHookBehavior [ RunTime:0.000968s ]
INFO: [ app_init ] --END-- [ RunTime:0.001305s ]
INFO: [ app_begin ] --START--
INFO: Run Behavior\ReadHtmlCacheBehavior [ RunTime:0.000271s ]
INFO: [ app_begin ] --END-- [ RunTime:0.000300s ]
NOTIC: [8] Undefined index: uid /Volumes/FILE/codes/MY-WeiPHP/ThinkPHP/Library/Think/Controller.class.php 第 524 行.
SQL: SELECT `uid`,`nickname`,`password`,`truename`,`mobile`,`email`,`sex`,`headimgurl`,`city`,`province`,`country`,`language`,`score`,`experience`,`unionid`,`login_count`,`reg_ip`,`reg_time`,`last_login_ip`,`last_login_time`,`status`,`is_init`,`is_audit`,`subscribe_time`,`remark`,`groupid`,`come_from`,`login_name`,`login_password`,`manager_id`,`level`,`membership` FROM `wp_user` WHERE `login_name` = 'booboo' LIMIT 1   [ RunTime:0.0006s ]

[ 2016-11-22T14:47:13+08:00 ] 127.0.0.1 /index.php?s=/Home/User/login/from/1.html
INFO: [ app_init ] --START--
INFO: Run Behavior\BuildLiteBehavior [ RunTime:0.000008s ]
INFO: Run Common\Behavior\InitHookBehavior [ RunTime:0.000766s ]
INFO: [ app_init ] --END-- [ RunTime:0.000985s ]
INFO: [ app_begin ] --START--
INFO: Run Behavior\ReadHtmlCacheBehavior [ RunTime:0.000248s ]
INFO: [ app_begin ] --END-- [ RunTime:0.000273s ]
NOTIC: [8] Undefined index: uid /Volumes/FILE/codes/MY-WeiPHP/ThinkPHP/Library/Think/Controller.class.php 第 524 行.
SQL: SELECT `uid`,`nickname`,`password`,`truename`,`mobile`,`email`,`sex`,`headimgurl`,`city`,`province`,`country`,`language`,`score`,`experience`,`unionid`,`login_count`,`reg_ip`,`reg_time`,`last_login_ip`,`last_login_time`,`status`,`is_init`,`is_audit`,`subscribe_time`,`remark`,`groupid`,`come_from`,`login_name`,`login_password`,`manager_id`,`level`,`membership` FROM `wp_user` WHERE `login_name` = 'booboo' LIMIT 1   [ RunTime:0.0005s ]

[ 2016-11-22T14:47:14+08:00 ] 127.0.0.1 /index.php?s=/Home/User/login/from/1.html
INFO: [ app_init ] --START--
INFO: Run Behavior\BuildLiteBehavior [ RunTime:0.000008s ]
INFO: Run Common\Behavior\InitHookBehavior [ RunTime:0.000762s ]
INFO: [ app_init ] --END-- [ RunTime:0.000979s ]
INFO: [ app_begin ] --START--
INFO: Run Behavior\ReadHtmlCacheBehavior [ RunTime:0.000249s ]
INFO: [ app_begin ] --END-- [ RunTime:0.000274s ]
NOTIC: [8] Undefined index: uid /Volumes/FILE/codes/MY-WeiPHP/ThinkPHP/Library/Think/Controller.class.php 第 524 行.
SQL: SELECT `uid`,`nickname`,`password`,`truename`,`mobile`,`email`,`sex`,`headimgurl`,`city`,`province`,`country`,`language`,`score`,`experience`,`unionid`,`login_count`,`reg_ip`,`reg_time`,`last_login_ip`,`last_login_time`,`status`,`is_init`,`is_audit`,`subscribe_time`,`remark`,`groupid`,`come_from`,`login_name`,`login_password`,`manager_id`,`level`,`membership` FROM `wp_user` WHERE `login_name` = 'booboo' LIMIT 1   [ RunTime:0.0005s ]

[ 2016-11-22T14:47:14+08:00 ] 127.0.0.1 /index.php?s=/Home/User/login/from/1.html
INFO: [ app_init ] --START--
INFO: Run Behavior\BuildLiteBehavior [ RunTime:0.000008s ]
INFO: Run Common\Behavior\InitHookBehavior [ RunTime:0.000758s ]
INFO: [ app_init ] --END-- [ RunTime:0.000974s ]
INFO: [ app_begin ] --START--
INFO: Run Behavior\ReadHtmlCacheBehavior [ RunTime:0.000245s ]
INFO: [ app_begin ] --END-- [ RunTime:0.000270s ]
NOTIC: [8] Undefined index: uid /Volumes/FILE/codes/MY-WeiPHP/ThinkPHP/Library/Think/Controller.class.php 第 524 行.
SQL: SELECT `uid`,`nickname`,`password`,`truename`,`mobile`,`email`,`sex`,`headimgurl`,`city`,`province`,`country`,`language`,`score`,`experience`,`unionid`,`login_count`,`reg_ip`,`reg_time`,`last_login_ip`,`last_login_time`,`status`,`is_init`,`is_audit`,`subscribe_time`,`remark`,`groupid`,`come_from`,`login_name`,`login_password`,`manager_id`,`level`,`membership` FROM `wp_user` WHERE `login_name` = 'booboo' LIMIT 1   [ RunTime:0.0005s ]

