[ 2016-11-18T17:06:05+08:00 ] 127.0.0.1 /index.php?s=/addon/NoAnswer/NoAnswer/config.html&mdm=45|339
INFO: [ app_init ] --START--
INFO: Run Behavior\BuildLiteBehavior [ RunTime:0.000009s ]
INFO: Run Common\Behavior\InitHookBehavior [ RunTime:0.000786s ]
INFO: [ app_init ] --END-- [ RunTime:0.001012s ]
INFO: [ app_begin ] --START--
INFO: Run Behavior\ReadHtmlCacheBehavior [ RunTime:0.000276s ]
INFO: [ app_begin ] --END-- [ RunTime:0.000303s ]
NOTIC: [8] Undefined property: stdClass::$ticket /Volumes/FILE/codes/MY-WeiPHP/ThinkPHP/Library/Vendor/jssdk/jssdk.php 第 49 行.
NOTIC: [8] Undefined index: uid /Volumes/FILE/codes/MY-WeiPHP/ThinkPHP/Library/Think/Controller.class.php 第 524 行.
SQL: SHOW COLUMNS FROM `wp_auth_group_access` [ RunTime:0.0013s ]
SQL: SELECT a.uid,a.group_id,g.title,g.rules FROM wp_auth_group_access a INNER JOIN wp_auth_group g on a.group_id=g.id  WHERE ( a.uid='2' and g.status='1' )  [ RunTime:0.0003s ]
SQL: SHOW COLUMNS FROM `wp_auth_rule` [ RunTime:0.0011s ]
SQL: SELECT `condition`,`name` FROM `wp_auth_rule` WHERE `id` NOT IN ('') AND `status` = 1  [ RunTime:0.0003s ]
NOTIC: [8] Undefined variable: addons /Volumes/FILE/codes/MY-WeiPHP/Application/Common/Common/function.php 第 501 行.
NOTIC: [8] Undefined variable: addons /Volumes/FILE/codes/MY-WeiPHP/Application/Common/Common/function.php 第 501 行.
NOTIC: [8] Undefined variable: addons /Volumes/FILE/codes/MY-WeiPHP/Application/Common/Common/function.php 第 501 行.
NOTIC: [8] Undefined variable: addons /Volumes/FILE/codes/MY-WeiPHP/Application/Common/Common/function.php 第 501 行.
NOTIC: [8] Undefined variable: addons /Volumes/FILE/codes/MY-WeiPHP/Application/Common/Common/function.php 第 501 行.
NOTIC: [8] Undefined variable: addons /Volumes/FILE/codes/MY-WeiPHP/Application/Common/Common/function.php 第 501 行.
NOTIC: [8] Undefined variable: addons /Volumes/FILE/codes/MY-WeiPHP/Application/Common/Common/function.php 第 501 行.
NOTIC: [8] Undefined variable: addons /Volumes/FILE/codes/MY-WeiPHP/Application/Common/Common/function.php 第 501 行.
NOTIC: [8] Undefined variable: addons /Volumes/FILE/codes/MY-WeiPHP/Application/Common/Common/function.php 第 501 行.
NOTIC: [8] Undefined variable: addons /Volumes/FILE/codes/MY-WeiPHP/Application/Common/Common/function.php 第 501 行.
NOTIC: [8] Undefined variable: addons /Volumes/FILE/codes/MY-WeiPHP/Application/Common/Common/function.php 第 501 行.
NOTIC: [8] Undefined variable: addons /Volumes/FILE/codes/MY-WeiPHP/Application/Common/Common/function.php 第 501 行.
NOTIC: [8] Undefined variable: addons /Volumes/FILE/codes/MY-WeiPHP/Application/Common/Common/function.php 第 501 行.
NOTIC: [8] Undefined variable: addons /Volumes/FILE/codes/MY-WeiPHP/Application/Common/Common/function.php 第 501 行.
NOTIC: [8] Undefined variable: addons /Volumes/FILE/codes/MY-WeiPHP/Application/Common/Common/function.php 第 501 行.
NOTIC: [8] Undefined variable: addons /Volumes/FILE/codes/MY-WeiPHP/Application/Common/Common/function.php 第 501 行.
NOTIC: [8] Undefined variable: addons /Volumes/FILE/codes/MY-WeiPHP/Application/Common/Common/function.php 第 501 行.
NOTIC: [8] Undefined variable: addons /Volumes/FILE/codes/MY-WeiPHP/Application/Common/Common/function.php 第 501 行.
NOTIC: [8] Undefined variable: addons /Volumes/FILE/codes/MY-WeiPHP/Application/Common/Common/function.php 第 501 行.
NOTIC: [8] Undefined variable: addons /Volumes/FILE/codes/MY-WeiPHP/Application/Common/Common/function.php 第 501 行.
NOTIC: [8] Undefined variable: addons /Volumes/FILE/codes/MY-WeiPHP/Application/Common/Common/function.php 第 501 行.
NOTIC: [8] Undefined variable: addons /Volumes/FILE/codes/MY-WeiPHP/Application/Common/Common/function.php 第 501 行.
NOTIC: [8] Undefined variable: addons /Volumes/FILE/codes/MY-WeiPHP/Application/Common/Common/function.php 第 501 行.
NOTIC: [8] Undefined variable: addons /Volumes/FILE/codes/MY-WeiPHP/Application/Common/Common/function.php 第 501 行.
NOTIC: [8] Undefined variable: addons /Volumes/FILE/codes/MY-WeiPHP/Application/Common/Common/function.php 第 501 行.
NOTIC: [8] Undefined variable: addons /Volumes/FILE/codes/MY-WeiPHP/Application/Common/Common/function.php 第 501 行.
NOTIC: [8] Undefined variable: addons /Volumes/FILE/codes/MY-WeiPHP/Application/Common/Common/function.php 第 501 行.
NOTIC: [8] Undefined variable: addons /Volumes/FILE/codes/MY-WeiPHP/Application/Common/Common/function.php 第 501 行.
NOTIC: [8] Undefined variable: addons /Volumes/FILE/codes/MY-WeiPHP/Application/Common/Common/function.php 第 501 行.
NOTIC: [8] Undefined variable: addons /Volumes/FILE/codes/MY-WeiPHP/Application/Common/Common/function.php 第 501 行.
NOTIC: [8] Undefined variable: addons /Volumes/FILE/codes/MY-WeiPHP/Application/Common/Common/function.php 第 501 行.
NOTIC: [8] Undefined variable: addons /Volumes/FILE/codes/MY-WeiPHP/Application/Common/Common/function.php 第 501 行.
NOTIC: [8] Undefined variable: addons /Volumes/FILE/codes/MY-WeiPHP/Application/Common/Common/function.php 第 501 行.
NOTIC: [8] Undefined variable: addons /Volumes/FILE/codes/MY-WeiPHP/Application/Common/Common/function.php 第 501 行.
NOTIC: [8] Undefined variable: addons /Volumes/FILE/codes/MY-WeiPHP/Application/Common/Common/function.php 第 501 行.
NOTIC: [8] Undefined variable: addons /Volumes/FILE/codes/MY-WeiPHP/Application/Common/Common/function.php 第 501 行.
NOTIC: [8] Undefined variable: addons /Volumes/FILE/codes/MY-WeiPHP/Application/Common/Common/function.php 第 501 行.
SQL: SELECT * FROM `wp_manager_menu` WHERE `uid` = 2 AND `is_hide` = 0 ORDER BY sort asc, id asc  [ RunTime:0.0005s ]
SQL: SELECT * FROM `wp_manager_menu` WHERE `uid` = 1 AND `is_hide` = 0 ORDER BY sort asc, id asc  [ RunTime:0.0009s ]
NOTIC: [8] Undefined variable: addons /Volumes/FILE/codes/MY-WeiPHP/Application/Common/Common/function.php 第 501 行.
NOTIC: [8] Undefined variable: addons /Volumes/FILE/codes/MY-WeiPHP/Application/Common/Common/function.php 第 501 行.
NOTIC: [8] Undefined variable: addons /Volumes/FILE/codes/MY-WeiPHP/Application/Common/Common/function.php 第 501 行.
NOTIC: [8] Undefined variable: addons /Volumes/FILE/codes/MY-WeiPHP/Application/Common/Common/function.php 第 501 行.
NOTIC: [8] Undefined variable: addons /Volumes/FILE/codes/MY-WeiPHP/Application/Common/Common/function.php 第 501 行.
NOTIC: [8] Undefined variable: addons /Volumes/FILE/codes/MY-WeiPHP/Application/Common/Common/function.php 第 501 行.
NOTIC: [8] Undefined variable: addons /Volumes/FILE/codes/MY-WeiPHP/Application/Common/Common/function.php 第 501 行.
NOTIC: [8] Undefined variable: addons /Volumes/FILE/codes/MY-WeiPHP/Application/Common/Common/function.php 第 501 行.
NOTIC: [8] Undefined variable: addons /Volumes/FILE/codes/MY-WeiPHP/Application/Common/Common/function.php 第 501 行.
NOTIC: [8] Undefined offset: 14 /Volumes/FILE/codes/MY-WeiPHP/Application/Common/Model/ManagerMenuModel.class.php 第 106 行.
NOTIC: [8] Undefined offset: 14 /Volumes/FILE/codes/MY-WeiPHP/Application/Common/Model/ManagerMenuModel.class.php 第 116 行.
NOTIC: [8] Undefined offset: 60 /Volumes/FILE/codes/MY-WeiPHP/Application/Common/Model/ManagerMenuModel.class.php 第 106 行.
NOTIC: [8] Undefined offset: 60 /Volumes/FILE/codes/MY-WeiPHP/Application/Common/Model/ManagerMenuModel.class.php 第 116 行.
SQL: SELECT * FROM `wp_public_link` WHERE `uid` = 2  [ RunTime:0.0004s ]
NOTIC: [8] Undefined index: query /Volumes/FILE/codes/MY-WeiPHP/ThinkPHP/Common/functions.php 第 1002 行.
SQL: SELECT * FROM `wp_model` WHERE `name` = 'no_answer' LIMIT 1   [ RunTime:0.0004s ]
NOTIC: [2] unlink(./Runtime/Temp/MY-WeiPHP_d44f6c5455644645a64ecc967185258d.php): No such file or directory /Volumes/FILE/codes/MY-WeiPHP/ThinkPHP/Library/Think/Cache/Driver/File.class.php 第 157 行.
SQL: SELECT * FROM `wp_addons` WHERE `name` = 'NoAnswer' LIMIT 1   [ RunTime:0.0003s ]
NOTIC: [8] Undefined index: NoAnswer /Volumes/FILE/codes/MY-WeiPHP/Application/Common/Model/AddonConfigModel.class.php 第 136 行.
NOTIC: [8] Array to string conversion /Volumes/FILE/codes/MY-WeiPHP/Application/Common/Model/AddonConfigModel.class.php 第 146 行.
INFO: [ view_parse ] --START--
INFO: [ template_filter ] --START--
INFO: Run Behavior\ContentReplaceBehavior [ RunTime:0.000201s ]
INFO: [ template_filter ] --END-- [ RunTime:0.000250s ]
NOTIC: [8] Use of undefined constant website_logo - assumed 'website_logo' /Volumes/FILE/codes/MY-WeiPHP/Runtime/Cache/Home/cc8882575a2473af8ca684b4904c7d8e.php 第 58 行.
NOTIC: [8] Use of undefined constant headimgurl - assumed 'headimgurl' /Volumes/FILE/codes/MY-WeiPHP/Runtime/Cache/Home/cc8882575a2473af8ca684b4904c7d8e.php 第 84 行.
NOTIC: [8] Undefined variable: output /Volumes/FILE/codes/MY-WeiPHP/Application/Common/Common/function.php 第 1768 行.
NOTIC: [8] Undefined variable: core_side_category /Volumes/FILE/codes/MY-WeiPHP/Runtime/Cache/Home/cc8882575a2473af8ca684b4904c7d8e.php 第 124 行.
NOTIC: [8] Undefined index: query /Volumes/FILE/codes/MY-WeiPHP/ThinkPHP/Common/functions.php 第 1002 行.
NOTIC: [8] Use of undefined constant type - assumed 'type' /Volumes/FILE/codes/MY-WeiPHP/Runtime/Cache/Home/cc8882575a2473af8ca684b4904c7d8e.php 第 160 行.
NOTIC: [8] Undefined variable: field /Volumes/FILE/codes/MY-WeiPHP/Runtime/Cache/Home/cc8882575a2473af8ca684b4904c7d8e.php 第 188 行.
INFO: [ material ] --START--
SQL: SELECT `id`,`title` FROM `wp_common_category` WHERE `token` = 'gh_1e46ce961958' ORDER BY id asc  [ RunTime:0.0004s ]
NOTIC: [2] Invalid argument supplied for foreach() /Volumes/FILE/codes/MY-WeiPHP/Plugins/Material/MaterialAddon.class.php 第 63 行.
NOTIC: [8] Undefined offset: 0 /Volumes/FILE/codes/MY-WeiPHP/Plugins/Material/MaterialAddon.class.php 第 74 行.
NOTIC: [8] Undefined offset: 1 /Volumes/FILE/codes/MY-WeiPHP/Plugins/Material/MaterialAddon.class.php 第 74 行.
INFO: [ view_parse ] --START--
INFO: [ template_filter ] --START--
INFO: Run Behavior\ContentReplaceBehavior [ RunTime:0.000095s ]
INFO: [ template_filter ] --END-- [ RunTime:-0.013453s ]
NOTIC: [8] Undefined variable: default_type /Volumes/FILE/codes/MY-WeiPHP/Runtime/Cache/Home/6e80818d599d2573b4fa4c5959ed935c.php 第 41 行.
NOTIC: [8] Undefined variable: default_id /Volumes/FILE/codes/MY-WeiPHP/Runtime/Cache/Home/6e80818d599d2573b4fa4c5959ed935c.php 第 41 行.
NOTIC: [8] Undefined variable: text_id /Volumes/FILE/codes/MY-WeiPHP/Runtime/Cache/Home/6e80818d599d2573b4fa4c5959ed935c.php 第 67 行.
NOTIC: [8] Undefined variable: news_id /Volumes/FILE/codes/MY-WeiPHP/Runtime/Cache/Home/6e80818d599d2573b4fa4c5959ed935c.php 第 75 行.
NOTIC: [8] Undefined variable: img_id /Volumes/FILE/codes/MY-WeiPHP/Runtime/Cache/Home/6e80818d599d2573b4fa4c5959ed935c.php 第 82 行.
NOTIC: [8] Undefined variable: voice_id /Volumes/FILE/codes/MY-WeiPHP/Runtime/Cache/Home/6e80818d599d2573b4fa4c5959ed935c.php 第 90 行.
NOTIC: [8] Undefined variable: video_id /Volumes/FILE/codes/MY-WeiPHP/Runtime/Cache/Home/6e80818d599d2573b4fa4c5959ed935c.php 第 96 行.
INFO: Run Behavior\ParseTemplateBehavior [ RunTime:0.005378s ]
INFO: [ view_parse ] --END-- [ RunTime:0.005412s ]
INFO: [ view_filter ] --START--
INFO: Run Behavior\WriteHtmlCacheBehavior [ RunTime:0.000109s ]
INFO: [ view_filter ] --END-- [ RunTime:0.000136s ]
INFO: Run Plugins\Material\MaterialAddon [ RunTime:0.007674s ]
INFO: [ material ] --END-- [ RunTime:0.007698s ]
INFO: Run Behavior\ParseTemplateBehavior [ RunTime:0.005641s ]
INFO: [ view_parse ] --END-- [ RunTime:0.005412s ]
INFO: [ view_filter ] --START--
INFO: Run Behavior\WriteHtmlCacheBehavior [ RunTime:0.000006s ]
INFO: [ view_filter ] --END-- [ RunTime:-0.000119s ]
INFO: [ app_end ] --START--
INFO: Run Behavior\ShowPageTraceBehavior [ RunTime:0.000634s ]
INFO: [ app_end ] --END-- [ RunTime:0.000690s ]

[ 2016-11-18T17:06:06+08:00 ] 127.0.0.1 /index.php?s=/Home/Material/ajax_text_by_id.html
INFO: [ app_init ] --START--
INFO: Run Behavior\BuildLiteBehavior [ RunTime:0.000011s ]
INFO: Run Common\Behavior\InitHookBehavior [ RunTime:0.001228s ]
INFO: [ app_init ] --END-- [ RunTime:0.001510s ]
INFO: [ app_begin ] --START--
INFO: Run Behavior\ReadHtmlCacheBehavior [ RunTime:0.000546s ]
INFO: [ app_begin ] --END-- [ RunTime:0.000604s ]
NOTIC: [8] Undefined property: stdClass::$ticket /Volumes/FILE/codes/MY-WeiPHP/ThinkPHP/Library/Vendor/jssdk/jssdk.php 第 49 行.
NOTIC: [8] Undefined index: uid /Volumes/FILE/codes/MY-WeiPHP/ThinkPHP/Library/Think/Controller.class.php 第 524 行.
SQL: SHOW COLUMNS FROM `wp_auth_group_access` [ RunTime:0.0023s ]
SQL: SELECT a.uid,a.group_id,g.title,g.rules FROM wp_auth_group_access a INNER JOIN wp_auth_group g on a.group_id=g.id  WHERE ( a.uid='2' and g.status='1' )  [ RunTime:0.0005s ]
SQL: SHOW COLUMNS FROM `wp_auth_rule` [ RunTime:0.0015s ]
SQL: SELECT `condition`,`name` FROM `wp_auth_rule` WHERE `id` NOT IN ('') AND `status` = 1  [ RunTime:0.0004s ]
SQL: SELECT `content` FROM `wp_material_text` WHERE `id` = 0 LIMIT 1   [ RunTime:0.0003s ]
INFO: [ app_end ] --START--
INFO: Run Behavior\ShowPageTraceBehavior [ RunTime:0.000378s ]
INFO: [ app_end ] --END-- [ RunTime:0.000412s ]

